['tie', 'nihado', 'adawda', 'adadad', '2023/4/16']
是否重复：True
['tie', 'nihado', 'adawda', 'adadad', '2023/4/16']
是否重复：False
['tie', 'nihado', 'adawda', 'adadad', '2023/4/16']
是否重复：True
['tie', 'adad', 'adada', 'dadadaddddddddddddddddd', '2023/4/16']
是否重复：False
['tie', 'adad', 'adada', 'dadadaddddddddddddddddd', '2023/4/16']
是否重复：True
['tie', 'dada', 'dadawd', 'dawdadawdadddddddddddddddddddddddddddddd', '2023/4/16']
是否重复：False
['tie', 'dada', 'dadawd', 'dawdadawdadddddddddddddddddddddddddddddd', '2023/4/16']
是否重复：True
['tie', 'dada', 'dadawd', 'dawdadawdadddddddddddddddddddddddddddddd', '2023/4/16']
是否重复：True
['tie', 'dada', 'dadawd', 'dawdadawdadddddddddddddddddddddddddddddd', '2023/4/16']
是否重复：True
['tie', 'dada', 'dadawd', 'dawdadawdadddddddddddddddddddddddddddddd', '2023/4/16']
是否重复：True
['tie', 'dada', 'dadawd', 'dawdadawdadddddddddddddddddddddddddddddd', '2023/4/16']
是否重复：False
['tie', 'dada', 'dadawd', 'dawdadawdadddddddddddddddddddddddddddddd', '2023/4/16']
是否重复：True
['tie', 'dada', 'dadawd', 'dawdadawdadddddddddddddddddddddddddddddd', '2023/4/16']
是否重复：True
['tie', 'dada', 'dadawd', 'dawdadawdadddddddddddddddddddddddddddddd', '2023/4/16']
是否重复：True
['tie', 'dada', 'dadawd', 'dawdadawdadddddddddddddddddddddddddddddd', '2023/4/16']
是否重复：True
['tie', 'dada', 'dadawd', 'dawdadawdadddddddddddddddddddddddddddddd', '2023/4/16']
是否重复：True
['tie', 'dada', 'dadawd', 'dawdadawdadddddddddddddddddddddddddddddd', '2023/4/16']
是否重复：False
['tie', 'dada', 'dadawd', 'dawdadawdadddddddddddddddddddddddddddddd', '2023/4/16']
是否重复：True
['tie', 'dada', 'dadawd', 'dawdadawdadddddddddddddddddddddddddddddd', '2023/4/16']
是否重复：True
['tie', 'dada', 'dadawd', 'dawdadawdadddddddddddddddddddddddddddddd', '2023/4/16']
是否重复：True
['tie', 'dada', 'dadawd', 'dawdadawdadddddddddddddddddddddddddddddd', '2023/4/16']
是否重复：True
['tie', 'dada', 'dadawd', 'dawdadawdadddddddddddddddddddddddddddddd', '2023/4/16']
是否重复：False
['tie', 'dada', 'dadawd', 'dawdadawdadddddddddddddddddddddddddddddd', '2023/4/16']
是否重复：True
['tie', 'dada', 'dadawd', 'dawdadawdadddddddddddddddddddddddddddddd', '2023/4/16']
是否重复：True
['tie', 'dada', 'dadawd', 'dawdadawdadddddddddddddddddddddddddddddd', '2023/4/16']
是否重复：True
['tie', 'dada', 'dadawd', 'dawdadawdadddddddddddddddddddddddddddddd', '2023/4/16']
是否重复：False
['tie', 'dada', 'dadawd', 'dawdadawdadddddddddddddddddddddddddddddd', '2023/4/16']
是否重复：True
['tie', 'dada', 'dadada', '大大大大大', '2023/4/16']
是否重复：False
['tie', 'dada', 'dadada', '大大大大大', '2023/4/16']
是否重复：True
['tie', 'dada', 'dadada', '大大大大大', '2023/4/16']
是否重复：False
['tie', 'dada', 'dadada', '大大大大大', '2023/4/16']
是否重复：True
['tie', 'dada', 'dadada', '大大大大大', '2023/4/16']
是否重复：True
['tie', 'dada', 'dadada', '大大大大大', '2023/4/16']
是否重复：False
['tie', 'dada', 'dadada', '大大大大大', '2023/4/16']
是否重复：True
['tie', 'dada', 'dadada', '大大大大大', '2023/4/16']
是否重复：True
['tie', 'dada', 'dadada', '大大大大大', '2023/4/16']
是否重复：True
['tie', 'dada', 'dadada', '大大大大大', '2023/4/16']
是否重复：True
['tie', 'dada', 'dadada', '大大大大大', '2023/4/16']
是否重复：True
['tie', 'dada', 'dadada', '大大大大大', '2023/4/16']
是否重复：False
['tie', 'dada', 'dadada', '大大大大大', '2023/4/16']
是否重复：True
['tie', 'dada', 'dadada', '大大大大大', '2023/4/16']
是否重复：False
['tie', 'dada', 'dadada', '大大大大大', '2023/4/16']
是否重复：False
['tie', 'adaaaaaaaaaaaaaaaaaaa', 'aaaaaaaaaaaaaaaaaaaaaaaaaaa', 'aaaaaaaaaaaaaaaaaaaaaaaaaaaaaaaa', '2023/4/16']
是否重复：False
['tie', 'adaaaaaaaaaaaaaaaaaaa', 'aaaaaaaaaaaaaaaaaaaaaaaaaaa', 'aaaaaaaaaaaaaaaaaaaaaaaaaaaaaaaa', '2023/4/16']
是否重复：True
['tie', 'zl', '', '', '2023/4/16']
是否重复：False
['tie', 'zl', '', '', '2023/4/16']
是否重复：True
['tie', 'zl', '', '', '2023/4/16']
是否重复：True
